<?xml version="1.0" encoding="UTF-8"?>
<testsuite name="com.member.MemberApplicationTests" tests="1" skipped="0" failures="0" errors="0" timestamp="2022-07-22T03:44:14" hostname="DESKTOP-P0JP944" time="0.129">
  <properties/>
  <testcase name="contextLoads()" classname="com.member.MemberApplicationTests" time="0.129"/>
  <system-out><![CDATA[12:44:04.535 [Test worker] DEBUG org.springframework.test.context.BootstrapUtils - Instantiating CacheAwareContextLoaderDelegate from class [org.springframework.test.context.cache.DefaultCacheAwareContextLoaderDelegate]
12:44:04.545 [Test worker] DEBUG org.springframework.test.context.BootstrapUtils - Instantiating BootstrapContext using constructor [public org.springframework.test.context.support.DefaultBootstrapContext(java.lang.Class,org.springframework.test.context.CacheAwareContextLoaderDelegate)]
12:44:04.582 [Test worker] DEBUG org.springframework.test.context.BootstrapUtils - Instantiating TestContextBootstrapper for test class [com.member.MemberApplicationTests] from class [org.springframework.boot.test.context.SpringBootTestContextBootstrapper]
12:44:04.596 [Test worker] INFO org.springframework.boot.test.context.SpringBootTestContextBootstrapper - Neither @ContextConfiguration nor @ContextHierarchy found for test class [com.member.MemberApplicationTests], using SpringBootContextLoader
12:44:04.602 [Test worker] DEBUG org.springframework.test.context.support.AbstractContextLoader - Did not detect default resource location for test class [com.member.MemberApplicationTests]: class path resource [com/member/MemberApplicationTests-context.xml] does not exist
12:44:04.603 [Test worker] DEBUG org.springframework.test.context.support.AbstractContextLoader - Did not detect default resource location for test class [com.member.MemberApplicationTests]: class path resource [com/member/MemberApplicationTestsContext.groovy] does not exist
12:44:04.603 [Test worker] INFO org.springframework.test.context.support.AbstractContextLoader - Could not detect default resource locations for test class [com.member.MemberApplicationTests]: no resource found for suffixes {-context.xml, Context.groovy}.
12:44:04.604 [Test worker] INFO org.springframework.test.context.support.AnnotationConfigContextLoaderUtils - Could not detect default configuration classes for test class [com.member.MemberApplicationTests]: MemberApplicationTests does not declare any static, non-private, non-final, nested classes annotated with @Configuration.
12:44:04.656 [Test worker] DEBUG org.springframework.test.context.support.ActiveProfilesUtils - Could not find an 'annotation declaring class' for annotation type [org.springframework.test.context.ActiveProfiles] and class [com.member.MemberApplicationTests]
12:44:04.728 [Test worker] DEBUG org.springframework.context.annotation.ClassPathScanningCandidateComponentProvider - Identified candidate component class: file [D:\Dev\member\build\classes\java\main\com\member\MemberApplication.class]
12:44:04.730 [Test worker] INFO org.springframework.boot.test.context.SpringBootTestContextBootstrapper - Found @SpringBootConfiguration com.member.MemberApplication for test class com.member.MemberApplicationTests
12:44:04.833 [Test worker] DEBUG org.springframework.boot.test.context.SpringBootTestContextBootstrapper - @TestExecutionListeners is not present for class [com.member.MemberApplicationTests]: using defaults.
12:44:04.833 [Test worker] INFO org.springframework.boot.test.context.SpringBootTestContextBootstrapper - Loaded default TestExecutionListener class names from location [META-INF/spring.factories]: [org.springframework.boot.test.autoconfigure.restdocs.RestDocsTestExecutionListener, org.springframework.boot.test.autoconfigure.web.client.MockRestServiceServerResetTestExecutionListener, org.springframework.boot.test.autoconfigure.web.servlet.MockMvcPrintOnlyOnFailureTestExecutionListener, org.springframework.boot.test.autoconfigure.web.servlet.WebDriverTestExecutionListener, org.springframework.boot.test.autoconfigure.webservices.client.MockWebServiceServerTestExecutionListener, org.springframework.boot.test.mock.mockito.MockitoTestExecutionListener, org.springframework.boot.test.mock.mockito.ResetMocksTestExecutionListener, org.springframework.test.context.web.ServletTestExecutionListener, org.springframework.test.context.support.DirtiesContextBeforeModesTestExecutionListener, org.springframework.test.context.event.ApplicationEventsTestExecutionListener, org.springframework.test.context.support.DependencyInjectionTestExecutionListener, org.springframework.test.context.support.DirtiesContextTestExecutionListener, org.springframework.test.context.transaction.TransactionalTestExecutionListener, org.springframework.test.context.jdbc.SqlScriptsTestExecutionListener, org.springframework.test.context.event.EventPublishingTestExecutionListener]
12:44:04.849 [Test worker] INFO org.springframework.boot.test.context.SpringBootTestContextBootstrapper - Using TestExecutionListeners: [org.springframework.test.context.web.ServletTestExecutionListener@130a0f66, org.springframework.test.context.support.DirtiesContextBeforeModesTestExecutionListener@4c432866, org.springframework.test.context.event.ApplicationEventsTestExecutionListener@12365c88, org.springframework.boot.test.mock.mockito.MockitoTestExecutionListener@6105f8a3, org.springframework.boot.test.autoconfigure.SpringBootDependencyInjectionTestExecutionListener@2237bada, org.springframework.test.context.support.DirtiesContextTestExecutionListener@77e2a6e2, org.springframework.test.context.transaction.TransactionalTestExecutionListener@5710768a, org.springframework.test.context.jdbc.SqlScriptsTestExecutionListener@199e4c2b, org.springframework.test.context.event.EventPublishingTestExecutionListener@6e0d4a8, org.springframework.boot.test.autoconfigure.restdocs.RestDocsTestExecutionListener@64d7b720, org.springframework.boot.test.autoconfigure.web.client.MockRestServiceServerResetTestExecutionListener@30272916, org.springframework.boot.test.autoconfigure.web.servlet.MockMvcPrintOnlyOnFailureTestExecutionListener@5bb3d42d, org.springframework.boot.test.autoconfigure.web.servlet.WebDriverTestExecutionListener@5bf61e67, org.springframework.boot.test.autoconfigure.webservices.client.MockWebServiceServerTestExecutionListener@2c1dc8e, org.springframework.boot.test.mock.mockito.ResetMocksTestExecutionListener@b273a59]
12:44:04.852 [Test worker] DEBUG org.springframework.test.context.support.AbstractDirtiesContextTestExecutionListener - Before test class: context [DefaultTestContext@2472c7d8 testClass = MemberApplicationTests, testInstance = [null], testMethod = [null], testException = [null], mergedContextConfiguration = [WebMergedContextConfiguration@589b028e testClass = MemberApplicationTests, locations = '{}', classes = '{class com.member.MemberApplication}', contextInitializerClasses = '[]', activeProfiles = '{}', propertySourceLocations = '{}', propertySourceProperties = '{org.springframework.boot.test.context.SpringBootTestContextBootstrapper=true}', contextCustomizers = set[org.springframework.boot.test.autoconfigure.actuate.metrics.MetricsExportContextCustomizerFactory$DisableMetricExportContextCustomizer@2453f95d, org.springframework.boot.test.autoconfigure.properties.PropertyMappingContextCustomizer@0, org.springframework.boot.test.autoconfigure.web.servlet.WebDriverContextCustomizerFactory$Customizer@2611b9a3, org.springframework.boot.test.context.filter.ExcludeFilterContextCustomizer@7829b776, org.springframework.boot.test.json.DuplicateJsonObjectContextCustomizerFactory$DuplicateJsonObjectContextCustomizer@61bcd567, org.springframework.boot.test.mock.mockito.MockitoContextCustomizer@0, org.springframework.boot.test.web.client.TestRestTemplateContextCustomizer@426b6a74, org.springframework.boot.test.context.SpringBootTestArgs@1, org.springframework.boot.test.context.SpringBootTestWebEnvironment@1bab8268], resourceBasePath = 'src/main/webapp', contextLoader = 'org.springframework.boot.test.context.SpringBootContextLoader', parent = [null]], attributes = map['org.springframework.test.context.web.ServletTestExecutionListener.activateListener' -> true]], class annotated with @DirtiesContext [false] with mode [null].

  .   ____          _            __ _ _
 /\\ / ___'_ __ _ _(_)_ __  __ _ \ \ \ \
( ( )\___ | '_ | '_| | '_ \/ _` | \ \ \ \
 \\/  ___)| |_)| | | | | || (_| |  ) ) ) )
  '  |____| .__|_| |_|_| |_\__, | / / / /
 =========|_|==============|___/=/_/_/_/
 :: Spring Boot ::                (v2.7.1)

2022-07-22 12:44:06.889  INFO 7488 --- [    Test worker] .s.d.r.c.RepositoryConfigurationDelegate : Multiple Spring Data modules found, entering strict repository configuration mode
2022-07-22 12:44:06.891  INFO 7488 --- [    Test worker] .s.d.r.c.RepositoryConfigurationDelegate : Bootstrapping Spring Data JDBC repositories in DEFAULT mode.
2022-07-22 12:44:06.919  INFO 7488 --- [    Test worker] .RepositoryConfigurationExtensionSupport : Spring Data JDBC - Could not safely identify store assignment for repository candidate interface com.member.domain.repository.InsCmMtdRepository; If you want this repository to be a JDBC repository, consider annotating your entities with one of these annotations: org.springframework.data.relational.core.mapping.Table.
2022-07-22 12:44:06.923  INFO 7488 --- [    Test worker] .RepositoryConfigurationExtensionSupport : Spring Data JDBC - Could not safely identify store assignment for repository candidate interface com.member.domain.repository.MemberRepository; If you want this repository to be a JDBC repository, consider annotating your entities with one of these annotations: org.springframework.data.relational.core.mapping.Table.
2022-07-22 12:44:06.924  INFO 7488 --- [    Test worker] .s.d.r.c.RepositoryConfigurationDelegate : Finished Spring Data repository scanning in 28 ms. Found 0 JDBC repository interfaces.
2022-07-22 12:44:06.934  INFO 7488 --- [    Test worker] .s.d.r.c.RepositoryConfigurationDelegate : Multiple Spring Data modules found, entering strict repository configuration mode
2022-07-22 12:44:06.936  INFO 7488 --- [    Test worker] .s.d.r.c.RepositoryConfigurationDelegate : Bootstrapping Spring Data JPA repositories in DEFAULT mode.
2022-07-22 12:44:07.094  INFO 7488 --- [    Test worker] .s.d.r.c.RepositoryConfigurationDelegate : Finished Spring Data repository scanning in 153 ms. Found 2 JPA repository interfaces.
2022-07-22 12:44:07.352  INFO 7488 --- [    Test worker] faultConfiguringBeanFactoryPostProcessor : No bean named 'errorChannel' has been explicitly defined. Therefore, a default PublishSubscribeChannel will be created.
2022-07-22 12:44:07.373  INFO 7488 --- [    Test worker] faultConfiguringBeanFactoryPostProcessor : No bean named 'integrationHeaderChannelRegistry' has been explicitly defined. Therefore, a default DefaultHeaderChannelRegistry will be created.
2022-07-22 12:44:07.477  INFO 7488 --- [    Test worker] o.s.cloud.context.scope.GenericScope     : BeanFactory id=cfaecb95-d86a-3015-b81a-16a9f5902e86
2022-07-22 12:44:07.797  INFO 7488 --- [    Test worker] trationDelegate$BeanPostProcessorChecker : Bean 'org.springframework.integration.config.IntegrationManagementConfiguration' of type [org.springframework.integration.config.IntegrationManagementConfiguration] is not eligible for getting processed by all BeanPostProcessors (for example: not eligible for auto-proxying)
2022-07-22 12:44:07.817  INFO 7488 --- [    Test worker] trationDelegate$BeanPostProcessorChecker : Bean 'integrationChannelResolver' of type [org.springframework.integration.support.channel.BeanFactoryChannelResolver] is not eligible for getting processed by all BeanPostProcessors (for example: not eligible for auto-proxying)
2022-07-22 12:44:09.530  INFO 7488 --- [    Test worker] jdbc.sqltiming                           : select * from INFORMATION_SCHEMA.SEQUENCES
 {executed in 4 msec}
2022-07-22 12:44:09.539  INFO 7488 --- [    Test worker] jdbc.resultsettable                      : 
|-----------------|----------------|-------------------|----------|------------------|------------------------|--------------|------------|--------------|--------------------|----------|-------------|-------------------|---------------------------|-----------------------|-----------|---------|---------|
|sequence_catalog |sequence_schema |sequence_name      |data_type |numeric_precision |numeric_precision_radix |numeric_scale |start_value |minimum_value |maximum_value       |increment |cycle_option |declared_data_type |declared_numeric_precision |declared_numeric_scale |base_value |cache    |remarks  |
|-----------------|----------------|-------------------|----------|------------------|------------------------|--------------|------------|--------------|--------------------|----------|-------------|-------------------|---------------------------|-----------------------|-----------|---------|---------|
|MEMBER           |PUBLIC          |HIBERNATE_SEQUENCE |[unread]  |[unread]          |[unread]                |[unread]      |1           |1             |9223372036854775807 |1         |[unread]     |[unread]           |[unread]                   |[unread]               |[unread]   |[unread] |[unread] |
|-----------------|----------------|-------------------|----------|------------------|------------------------|--------------|------------|--------------|--------------------|----------|-------------|-------------------|---------------------------|-----------------------|-----------|---------|---------|

2022-07-22 12:44:09.556  INFO 7488 --- [    Test worker] j.LocalContainerEntityManagerFactoryBean : Initialized JPA EntityManagerFactory for persistence unit 'default'
2022-07-22 12:44:11.499  INFO 7488 --- [    Test worker] o.s.b.a.h2.H2ConsoleAutoConfiguration    : H2 console available at '/h2'. Database available at 'jdbc:h2:tcp://localhost/~/member'
2022-07-22 12:44:13.664  INFO 7488 --- [    Test worker] c.f.c.c.BeanFactoryAwareFunctionRegistry : Can't determine default function definition. Please use 'spring.cloud.function.definition' property to explicitly define it.
2022-07-22 12:44:14.460  INFO 7488 --- [    Test worker] o.s.b.a.e.web.EndpointLinksResolver      : Exposing 19 endpoint(s) beneath base path '/actuator'
2022-07-22 12:44:14.667  INFO 7488 --- [    Test worker] o.s.i.endpoint.EventDrivenConsumer       : Adding {logging-channel-adapter:_org.springframework.integration.errorLogger} as a subscriber to the 'errorChannel' channel
2022-07-22 12:44:14.668  INFO 7488 --- [    Test worker] o.s.i.channel.PublishSubscribeChannel    : Channel 'application.errorChannel' has 1 subscriber(s).
2022-07-22 12:44:14.668  INFO 7488 --- [    Test worker] o.s.i.endpoint.EventDrivenConsumer       : started bean '_org.springframework.integration.errorLogger'
]]></system-out>
  <system-err><![CDATA[Loading class `com.mysql.jdbc.Driver'. This is deprecated. The new driver class is `com.mysql.cj.jdbc.Driver'. The driver is automatically registered via the SPI and manual loading of the driver class is generally unnecessary.
]]></system-err>
</testsuite>
